Arguments: 
  /usr/local/bin/node /usr/share/yarn/bin/yarn.js

PATH: 
  /home/campos/anaconda3/bin:/home/campos/anaconda3/condabin:/home/campos/.local/bin:/usr/local/sbin:/usr/local/bin:/usr/sbin:/usr/bin:/sbin:/bin:/usr/games:/usr/local/games:/snap/bin:/usr/lib/jvm/java-8-oracle/bin:/usr/lib/jvm/java-8-oracle/db/bin:/usr/lib/jvm/java-8-oracle/jre/bin

Yarn version: 
  1.19.1

Node version: 
  10.16.3

Platform: 
  linux x64

Trace: 
  TypeError: Invalid Version: 1.0
      at new SemVer (/usr/share/yarn/lib/cli.js:3508:11)
      at Range.module.exports.Range.test (/usr/share/yarn/lib/cli.js:4315:15)
      at Function.satisfies (/usr/share/yarn/lib/cli.js:4364:16)
      at WorkspaceLayout.getManifestByPattern (/usr/share/yarn/lib/cli.js:32262:31)
      at Function.isWorkspace (/usr/share/yarn/lib/cli.js:98087:51)
      at PackageRequest.<anonymous> (/usr/share/yarn/lib/cli.js:36629:76)
      at Generator.next (<anonymous>)
      at step (/usr/share/yarn/lib/cli.js:304:30)
      at /usr/share/yarn/lib/cli.js:322:14
      at new Promise (<anonymous>)

npm manifest: 
  {
  	"private": true,
  	"workspaces": ["wanna-backend"]
    }

yarn manifest: 
  No manifest

Lockfile: 
  No lockfile
